<?xml version="1.0" encoding="UTF-8"?>
<!-- Generated by org.testng.reporters.JUnitReportReporter -->
<testsuite skipped="0" hostname="Rajs-MacBook-Air.local" name="com.capsule.tests.LoginTests" tests="1" failures="0" timestamp="2019-05-30T21:18:20 IST" time="4.325" errors="0">
  <testcase name="login" time="4.325" classname="com.capsule.tests.LoginTests"/>
</testsuite> <!-- com.capsule.tests.LoginTests -->
