<?xml version="1.0" encoding="UTF-8"?>
<!-- Generated by org.testng.reporters.JUnitReportReporter -->
<testsuite skipped="0" hostname="Rajs-MacBook-Air.local" name="com.capsule.tests.PeopleTests" tests="1" failures="0" timestamp="2019-05-30T21:18:20 IST" time="9.062" errors="0">
  <testcase name="addPeopleTest" time="9.062" classname="com.capsule.tests.PeopleTests"/>
</testsuite> <!-- com.capsule.tests.PeopleTests -->
